C:\USERS\HITAISHI\DOCUMENTS\VISUAL STUDIO 2010\PROJECTS\FIRST APP\DEBUG\FIRST APP.EXE
C:\USERS\HITAISHI\DOCUMENTS\VISUAL STUDIO 2010\PROJECTS\FIRST APP\DEBUG\FIRST APP.ILK
C:\USERS\HITAISHI\DOCUMENTS\VISUAL STUDIO 2010\PROJECTS\FIRST APP\DEBUG\FIRST APP.PDB
C:\USERS\HITAISHI\DOCUMENTS\VISUAL STUDIO 2010\PROJECTS\FIRST APP\FIRST APP\DEBUG\.NETFRAMEWORK,VERSION=V4.0.ASSEMBLYATTRIBUTES.OBJ
C:\USERS\HITAISHI\DOCUMENTS\VISUAL STUDIO 2010\PROJECTS\FIRST APP\FIRST APP\DEBUG\APP.RES
C:\USERS\HITAISHI\DOCUMENTS\VISUAL STUDIO 2010\PROJECTS\FIRST APP\FIRST APP\DEBUG\ASSEMBLYINFO.OBJ
C:\Users\Hitaishi\Documents\Visual Studio 2010\Projects\First app\First app\Debug\cl.command.1.tlog
C:\Users\Hitaishi\Documents\Visual Studio 2010\Projects\First app\First app\Debug\CL.read.1.tlog
C:\Users\Hitaishi\Documents\Visual Studio 2010\Projects\First app\First app\Debug\CL.write.1.tlog
C:\USERS\HITAISHI\DOCUMENTS\VISUAL STUDIO 2010\PROJECTS\FIRST APP\FIRST APP\DEBUG\FIRST APP.EXE.INTERMEDIATE.MANIFEST
C:\USERS\HITAISHI\DOCUMENTS\VISUAL STUDIO 2010\PROJECTS\FIRST APP\FIRST APP\DEBUG\FIRST APP.OBJ
C:\USERS\HITAISHI\DOCUMENTS\VISUAL STUDIO 2010\PROJECTS\FIRST APP\FIRST APP\DEBUG\FIRST APP.PCH
C:\Users\Hitaishi\Documents\Visual Studio 2010\Projects\First app\First app\Debug\First app.vcxproj.GenerateResource.Cache
C:\Users\Hitaishi\Documents\Visual Studio 2010\Projects\First app\First app\Debug\First app.vcxprojResolveAssemblyReference.cache
C:\Users\Hitaishi\Documents\Visual Studio 2010\Projects\First app\First app\Debug\First app.write.1.tlog
C:\Users\Hitaishi\Documents\Visual Studio 2010\Projects\First app\First app\Debug\Firstapp.Form1.resources
C:\Users\Hitaishi\Documents\Visual Studio 2010\Projects\First app\First app\Debug\Firstapp.Form2.resources
C:\Users\Hitaishi\Documents\Visual Studio 2010\Projects\First app\First app\Debug\Firstapp.Form3.resources
C:\Users\Hitaishi\Documents\Visual Studio 2010\Projects\First app\First app\Debug\Firstapp.Form4.resources
C:\Users\Hitaishi\Documents\Visual Studio 2010\Projects\First app\First app\Debug\Firstapp.Form5.resources
C:\USERS\HITAISHI\DOCUMENTS\VISUAL STUDIO 2010\PROJECTS\FIRST APP\FIRST APP\DEBUG\FORM2.OBJ
C:\USERS\HITAISHI\DOCUMENTS\VISUAL STUDIO 2010\PROJECTS\FIRST APP\FIRST APP\DEBUG\FORM3.OBJ
C:\USERS\HITAISHI\DOCUMENTS\VISUAL STUDIO 2010\PROJECTS\FIRST APP\FIRST APP\DEBUG\FORM4.OBJ
C:\USERS\HITAISHI\DOCUMENTS\VISUAL STUDIO 2010\PROJECTS\FIRST APP\FIRST APP\DEBUG\FORM5.OBJ
C:\Users\Hitaishi\Documents\Visual Studio 2010\Projects\First app\First app\Debug\link.1252.read.1.tlog
C:\Users\Hitaishi\Documents\Visual Studio 2010\Projects\First app\First app\Debug\link.1252.write.1.tlog
C:\Users\Hitaishi\Documents\Visual Studio 2010\Projects\First app\First app\Debug\link.1252-cvtres.read.1.tlog
C:\Users\Hitaishi\Documents\Visual Studio 2010\Projects\First app\First app\Debug\link.1252-cvtres.write.1.tlog
C:\Users\Hitaishi\Documents\Visual Studio 2010\Projects\First app\First app\Debug\link.1452.read.1.tlog
C:\Users\Hitaishi\Documents\Visual Studio 2010\Projects\First app\First app\Debug\link.1452.write.1.tlog
C:\Users\Hitaishi\Documents\Visual Studio 2010\Projects\First app\First app\Debug\link.1452-cvtres.read.1.tlog
C:\Users\Hitaishi\Documents\Visual Studio 2010\Projects\First app\First app\Debug\link.1452-cvtres.write.1.tlog
C:\Users\Hitaishi\Documents\Visual Studio 2010\Projects\First app\First app\Debug\link.228.read.1.tlog
C:\Users\Hitaishi\Documents\Visual Studio 2010\Projects\First app\First app\Debug\link.228.write.1.tlog
C:\Users\Hitaishi\Documents\Visual Studio 2010\Projects\First app\First app\Debug\link.228-cvtres.read.1.tlog
C:\Users\Hitaishi\Documents\Visual Studio 2010\Projects\First app\First app\Debug\link.228-cvtres.write.1.tlog
C:\Users\Hitaishi\Documents\Visual Studio 2010\Projects\First app\First app\Debug\link.2724.read.1.tlog
C:\Users\Hitaishi\Documents\Visual Studio 2010\Projects\First app\First app\Debug\link.2724.write.1.tlog
C:\Users\Hitaishi\Documents\Visual Studio 2010\Projects\First app\First app\Debug\link.2724-cvtres.read.1.tlog
C:\Users\Hitaishi\Documents\Visual Studio 2010\Projects\First app\First app\Debug\link.2724-cvtres.write.1.tlog
C:\Users\Hitaishi\Documents\Visual Studio 2010\Projects\First app\First app\Debug\link.3428.read.1.tlog
C:\Users\Hitaishi\Documents\Visual Studio 2010\Projects\First app\First app\Debug\link.3428.write.1.tlog
C:\Users\Hitaishi\Documents\Visual Studio 2010\Projects\First app\First app\Debug\link.3428-cvtres.read.1.tlog
C:\Users\Hitaishi\Documents\Visual Studio 2010\Projects\First app\First app\Debug\link.3428-cvtres.write.1.tlog
C:\Users\Hitaishi\Documents\Visual Studio 2010\Projects\First app\First app\Debug\link.3592.read.1.tlog
C:\Users\Hitaishi\Documents\Visual Studio 2010\Projects\First app\First app\Debug\link.3592.write.1.tlog
C:\Users\Hitaishi\Documents\Visual Studio 2010\Projects\First app\First app\Debug\link.3592-cvtres.read.1.tlog
C:\Users\Hitaishi\Documents\Visual Studio 2010\Projects\First app\First app\Debug\link.3592-cvtres.write.1.tlog
C:\Users\Hitaishi\Documents\Visual Studio 2010\Projects\First app\First app\Debug\link.5308.read.1.tlog
C:\Users\Hitaishi\Documents\Visual Studio 2010\Projects\First app\First app\Debug\link.5308.write.1.tlog
C:\Users\Hitaishi\Documents\Visual Studio 2010\Projects\First app\First app\Debug\link.5308-cvtres.read.1.tlog
C:\Users\Hitaishi\Documents\Visual Studio 2010\Projects\First app\First app\Debug\link.5308-cvtres.write.1.tlog
C:\Users\Hitaishi\Documents\Visual Studio 2010\Projects\First app\First app\Debug\link.5316.read.1.tlog
C:\Users\Hitaishi\Documents\Visual Studio 2010\Projects\First app\First app\Debug\link.5316.write.1.tlog
C:\Users\Hitaishi\Documents\Visual Studio 2010\Projects\First app\First app\Debug\link.5316-cvtres.read.1.tlog
C:\Users\Hitaishi\Documents\Visual Studio 2010\Projects\First app\First app\Debug\link.5316-cvtres.write.1.tlog
C:\Users\Hitaishi\Documents\Visual Studio 2010\Projects\First app\First app\Debug\link.6388.read.1.tlog
C:\Users\Hitaishi\Documents\Visual Studio 2010\Projects\First app\First app\Debug\link.6388.write.1.tlog
C:\Users\Hitaishi\Documents\Visual Studio 2010\Projects\First app\First app\Debug\link.6388-cvtres.read.1.tlog
C:\Users\Hitaishi\Documents\Visual Studio 2010\Projects\First app\First app\Debug\link.6388-cvtres.write.1.tlog
C:\Users\Hitaishi\Documents\Visual Studio 2010\Projects\First app\First app\Debug\link.7296.read.1.tlog
C:\Users\Hitaishi\Documents\Visual Studio 2010\Projects\First app\First app\Debug\link.7296.write.1.tlog
C:\Users\Hitaishi\Documents\Visual Studio 2010\Projects\First app\First app\Debug\link.7296-cvtres.read.1.tlog
C:\Users\Hitaishi\Documents\Visual Studio 2010\Projects\First app\First app\Debug\link.7296-cvtres.write.1.tlog
C:\Users\Hitaishi\Documents\Visual Studio 2010\Projects\First app\First app\Debug\link.7536.read.1.tlog
C:\Users\Hitaishi\Documents\Visual Studio 2010\Projects\First app\First app\Debug\link.7536.write.1.tlog
C:\Users\Hitaishi\Documents\Visual Studio 2010\Projects\First app\First app\Debug\link.7536-cvtres.read.1.tlog
C:\Users\Hitaishi\Documents\Visual Studio 2010\Projects\First app\First app\Debug\link.7536-cvtres.write.1.tlog
C:\Users\Hitaishi\Documents\Visual Studio 2010\Projects\First app\First app\Debug\link.9048.read.1.tlog
C:\Users\Hitaishi\Documents\Visual Studio 2010\Projects\First app\First app\Debug\link.9048.write.1.tlog
C:\Users\Hitaishi\Documents\Visual Studio 2010\Projects\First app\First app\Debug\link.9048-cvtres.read.1.tlog
C:\Users\Hitaishi\Documents\Visual Studio 2010\Projects\First app\First app\Debug\link.9048-cvtres.write.1.tlog
C:\Users\Hitaishi\Documents\Visual Studio 2010\Projects\First app\First app\Debug\link.command.1.tlog
C:\Users\Hitaishi\Documents\Visual Studio 2010\Projects\First app\First app\Debug\link.read.1.tlog
C:\Users\Hitaishi\Documents\Visual Studio 2010\Projects\First app\First app\Debug\link.write.1.tlog
C:\Users\Hitaishi\Documents\Visual Studio 2010\Projects\First app\First app\Debug\mt.command.1.tlog
C:\Users\Hitaishi\Documents\Visual Studio 2010\Projects\First app\First app\Debug\mt.read.1.tlog
C:\Users\Hitaishi\Documents\Visual Studio 2010\Projects\First app\First app\Debug\mt.write.1.tlog
C:\Users\Hitaishi\Documents\Visual Studio 2010\Projects\First app\First app\Debug\rc.command.1.tlog
C:\Users\Hitaishi\Documents\Visual Studio 2010\Projects\First app\First app\Debug\rc.read.1.tlog
C:\Users\Hitaishi\Documents\Visual Studio 2010\Projects\First app\First app\Debug\rc.write.1.tlog
C:\USERS\HITAISHI\DOCUMENTS\VISUAL STUDIO 2010\PROJECTS\FIRST APP\FIRST APP\DEBUG\STDAFX.OBJ
C:\USERS\HITAISHI\DOCUMENTS\VISUAL STUDIO 2010\PROJECTS\FIRST APP\FIRST APP\DEBUG\VC100.PDB
