C:\USERS\HITAISHI\DOCUMENTS\VISUAL STUDIO 2010\PROJECTS\FIRST APP\FIRST APP\RELEASE\.NETFRAMEWORK,VERSION=V4.0.ASSEMBLYATTRIBUTES.OBJ
C:\USERS\HITAISHI\DOCUMENTS\VISUAL STUDIO 2010\PROJECTS\FIRST APP\FIRST APP\RELEASE\APP.RES
C:\USERS\HITAISHI\DOCUMENTS\VISUAL STUDIO 2010\PROJECTS\FIRST APP\FIRST APP\RELEASE\ASSEMBLYINFO.OBJ
C:\Users\Hitaishi\Documents\Visual Studio 2010\Projects\First app\First app\Release\cl.command.1.tlog
C:\Users\Hitaishi\Documents\Visual Studio 2010\Projects\First app\First app\Release\CL.read.1.tlog
C:\Users\Hitaishi\Documents\Visual Studio 2010\Projects\First app\First app\Release\CL.write.1.tlog
C:\USERS\HITAISHI\DOCUMENTS\VISUAL STUDIO 2010\PROJECTS\FIRST APP\FIRST APP\RELEASE\FIRST APP.EXE.INTERMEDIATE.MANIFEST
C:\USERS\HITAISHI\DOCUMENTS\VISUAL STUDIO 2010\PROJECTS\FIRST APP\FIRST APP\RELEASE\FIRST APP.OBJ
C:\USERS\HITAISHI\DOCUMENTS\VISUAL STUDIO 2010\PROJECTS\FIRST APP\FIRST APP\RELEASE\FIRST APP.PCH
C:\Users\Hitaishi\Documents\Visual Studio 2010\Projects\First app\First app\Release\First app.vcxproj.GenerateResource.Cache
C:\Users\Hitaishi\Documents\Visual Studio 2010\Projects\First app\First app\Release\First app.vcxprojResolveAssemblyReference.cache
C:\Users\Hitaishi\Documents\Visual Studio 2010\Projects\First app\First app\Release\First app.write.1.tlog
C:\Users\Hitaishi\Documents\Visual Studio 2010\Projects\First app\First app\Release\Firstapp.Form1.resources
C:\Users\Hitaishi\Documents\Visual Studio 2010\Projects\First app\First app\Release\Firstapp.Form2.resources
C:\Users\Hitaishi\Documents\Visual Studio 2010\Projects\First app\First app\Release\Firstapp.Form3.resources
C:\Users\Hitaishi\Documents\Visual Studio 2010\Projects\First app\First app\Release\Firstapp.Form4.resources
C:\Users\Hitaishi\Documents\Visual Studio 2010\Projects\First app\First app\Release\Firstapp.Form5.resources
C:\USERS\HITAISHI\DOCUMENTS\VISUAL STUDIO 2010\PROJECTS\FIRST APP\FIRST APP\RELEASE\FORM2.OBJ
C:\USERS\HITAISHI\DOCUMENTS\VISUAL STUDIO 2010\PROJECTS\FIRST APP\FIRST APP\RELEASE\FORM3.OBJ
C:\USERS\HITAISHI\DOCUMENTS\VISUAL STUDIO 2010\PROJECTS\FIRST APP\FIRST APP\RELEASE\FORM4.OBJ
C:\USERS\HITAISHI\DOCUMENTS\VISUAL STUDIO 2010\PROJECTS\FIRST APP\FIRST APP\RELEASE\FORM5.OBJ
C:\Users\Hitaishi\Documents\Visual Studio 2010\Projects\First app\First app\Release\link.command.1.tlog
C:\Users\Hitaishi\Documents\Visual Studio 2010\Projects\First app\First app\Release\link.read.1.tlog
C:\Users\Hitaishi\Documents\Visual Studio 2010\Projects\First app\First app\Release\link.write.1.tlog
C:\Users\Hitaishi\Documents\Visual Studio 2010\Projects\First app\First app\Release\link-cvtres.read.1.tlog
C:\Users\Hitaishi\Documents\Visual Studio 2010\Projects\First app\First app\Release\link-cvtres.write.1.tlog
C:\Users\Hitaishi\Documents\Visual Studio 2010\Projects\First app\First app\Release\mt.command.1.tlog
C:\Users\Hitaishi\Documents\Visual Studio 2010\Projects\First app\First app\Release\mt.read.1.tlog
C:\Users\Hitaishi\Documents\Visual Studio 2010\Projects\First app\First app\Release\mt.write.1.tlog
C:\Users\Hitaishi\Documents\Visual Studio 2010\Projects\First app\First app\Release\rc.command.1.tlog
C:\Users\Hitaishi\Documents\Visual Studio 2010\Projects\First app\First app\Release\rc.read.1.tlog
C:\Users\Hitaishi\Documents\Visual Studio 2010\Projects\First app\First app\Release\rc.write.1.tlog
C:\USERS\HITAISHI\DOCUMENTS\VISUAL STUDIO 2010\PROJECTS\FIRST APP\FIRST APP\RELEASE\STDAFX.OBJ
C:\USERS\HITAISHI\DOCUMENTS\VISUAL STUDIO 2010\PROJECTS\FIRST APP\FIRST APP\RELEASE\VC100.PDB
C:\USERS\HITAISHI\DOCUMENTS\VISUAL STUDIO 2010\PROJECTS\FIRST APP\RELEASE\FIRST APP.EXE
C:\USERS\HITAISHI\DOCUMENTS\VISUAL STUDIO 2010\PROJECTS\FIRST APP\RELEASE\FIRST APP.PDB
